[2024-08-07T14:43:15.057+0000] {local_task_job_runner.py:120} INFO - ::group::Pre task execution logs
[2024-08-07T14:43:15.072+0000] {taskinstance.py:2076} INFO - Dependencies all met for dep_context=non-requeueable deps ti=<TaskInstance: mongodb_to_bigquery.extract_products manual__2024-08-07T14:43:12.057956+00:00 [queued]>
[2024-08-07T14:43:15.077+0000] {taskinstance.py:2076} INFO - Dependencies all met for dep_context=requeueable deps ti=<TaskInstance: mongodb_to_bigquery.extract_products manual__2024-08-07T14:43:12.057956+00:00 [queued]>
[2024-08-07T14:43:15.077+0000] {taskinstance.py:2306} INFO - Starting attempt 1 of 2
[2024-08-07T14:43:15.088+0000] {taskinstance.py:2330} INFO - Executing <Task(PythonOperator): extract_products> on 2024-08-07 14:43:12.057956+00:00
[2024-08-07T14:43:15.097+0000] {warnings.py:112} WARNING - /home/***/.local/lib/python3.12/site-packages/***/task/task_runner/standard_task_runner.py:62: DeprecationWarning: This process (pid=193) is multi-threaded, use of fork() may lead to deadlocks in the child.
  pid = os.fork()

[2024-08-07T14:43:15.098+0000] {standard_task_runner.py:64} INFO - Started process 205 to run task
[2024-08-07T14:43:15.100+0000] {standard_task_runner.py:90} INFO - Running: ['***', 'tasks', 'run', 'mongodb_to_bigquery', 'extract_products', 'manual__2024-08-07T14:43:12.057956+00:00', '--job-id', '68', '--raw', '--subdir', 'DAGS_FOLDER/mongodb_to_bigquery.py', '--cfg-path', '/tmp/tmpaq0_9htb']
[2024-08-07T14:43:15.103+0000] {standard_task_runner.py:91} INFO - Job 68: Subtask extract_products
[2024-08-07T14:43:15.163+0000] {task_command.py:426} INFO - Running <TaskInstance: mongodb_to_bigquery.extract_products manual__2024-08-07T14:43:12.057956+00:00 [running]> on host 721db11e5d12
[2024-08-07T14:43:15.440+0000] {taskinstance.py:2648} INFO - Exporting env vars: AIRFLOW_CTX_DAG_OWNER='***' AIRFLOW_CTX_DAG_ID='mongodb_to_bigquery' AIRFLOW_CTX_TASK_ID='extract_products' AIRFLOW_CTX_EXECUTION_DATE='2024-08-07T14:43:12.057956+00:00' AIRFLOW_CTX_TRY_NUMBER='1' AIRFLOW_CTX_DAG_RUN_ID='manual__2024-08-07T14:43:12.057956+00:00'
[2024-08-07T14:43:15.446+0000] {taskinstance.py:430} INFO - ::endgroup::
[2024-08-07T14:43:15.476+0000] {warnings.py:112} WARNING - /app/data_engineering/api_connectors/mongodb.py:24: UserWarning: MongoClient opened before fork. May not be entirely fork-safe, proceed with caution. See PyMongo's documentation for details: https://pymongo.readthedocs.io/en/stable/faq.html#is-pymongo-fork-safe
  data = list(self.db[collection_name].find(filters))

[2024-08-07T14:43:19.420+0000] {python.py:237} INFO - Done. Returned value was: Empty DataFrame
Columns: []
Index: []
[2024-08-07T14:43:19.432+0000] {taskinstance.py:441} INFO - ::group::Post task execution logs
[2024-08-07T14:43:19.538+0000] {taskinstance.py:1206} INFO - Marking task as SUCCESS. dag_id=mongodb_to_bigquery, task_id=extract_products, run_id=manual__2024-08-07T14:43:12.057956+00:00, execution_date=20240807T144312, start_date=20240807T144315, end_date=20240807T144319
[2024-08-07T14:43:19.619+0000] {local_task_job_runner.py:243} INFO - Task exited with return code 0
[2024-08-07T14:43:19.650+0000] {local_task_job_runner.py:222} INFO - ::endgroup::
