[2024-08-07T14:38:27.578+0000] {local_task_job_runner.py:120} INFO - ::group::Pre task execution logs
[2024-08-07T14:38:27.644+0000] {taskinstance.py:2076} INFO - Dependencies all met for dep_context=non-requeueable deps ti=<TaskInstance: mongodb_to_bigquery.load_products manual__2024-08-07T14:38:14.199786+00:00 [queued]>
[2024-08-07T14:38:27.650+0000] {taskinstance.py:2076} INFO - Dependencies all met for dep_context=requeueable deps ti=<TaskInstance: mongodb_to_bigquery.load_products manual__2024-08-07T14:38:14.199786+00:00 [queued]>
[2024-08-07T14:38:27.651+0000] {taskinstance.py:2306} INFO - Starting attempt 1 of 2
[2024-08-07T14:38:27.665+0000] {taskinstance.py:2330} INFO - Executing <Task(PythonOperator): load_products> on 2024-08-07 14:38:14.199786+00:00
[2024-08-07T14:38:27.678+0000] {warnings.py:112} WARNING - /home/***/.local/lib/python3.12/site-packages/***/task/task_runner/standard_task_runner.py:62: DeprecationWarning: This process (pid=106) is multi-threaded, use of fork() may lead to deadlocks in the child.
  pid = os.fork()

[2024-08-07T14:38:27.685+0000] {standard_task_runner.py:64} INFO - Started process 117 to run task
[2024-08-07T14:38:27.686+0000] {standard_task_runner.py:90} INFO - Running: ['***', 'tasks', 'run', 'mongodb_to_bigquery', 'load_products', 'manual__2024-08-07T14:38:14.199786+00:00', '--job-id', '65', '--raw', '--subdir', 'DAGS_FOLDER/mongodb_to_bigquery.py', '--cfg-path', '/tmp/tmpbrbi833r']
[2024-08-07T14:38:27.690+0000] {standard_task_runner.py:91} INFO - Job 65: Subtask load_products
[2024-08-07T14:38:27.753+0000] {task_command.py:426} INFO - Running <TaskInstance: mongodb_to_bigquery.load_products manual__2024-08-07T14:38:14.199786+00:00 [running]> on host 721db11e5d12
[2024-08-07T14:38:27.993+0000] {taskinstance.py:2648} INFO - Exporting env vars: AIRFLOW_CTX_DAG_OWNER='***' AIRFLOW_CTX_DAG_ID='mongodb_to_bigquery' AIRFLOW_CTX_TASK_ID='load_products' AIRFLOW_CTX_EXECUTION_DATE='2024-08-07T14:38:14.199786+00:00' AIRFLOW_CTX_TRY_NUMBER='1' AIRFLOW_CTX_DAG_RUN_ID='manual__2024-08-07T14:38:14.199786+00:00'
[2024-08-07T14:38:27.997+0000] {taskinstance.py:430} INFO - ::endgroup::
[2024-08-07T14:38:28.596+0000] {logging_mixin.py:188} INFO - ☑️ Dataset fictive_company already exists
[2024-08-07T14:38:28.988+0000] {logging_mixin.py:188} INFO - ☑️ Table mycenter-425712.fictive_company.products already exists.
[2024-08-07T14:38:29.000+0000] {taskinstance.py:441} INFO - ::group::Post task execution logs
[2024-08-07T14:38:29.003+0000] {taskinstance.py:2905} ERROR - Task failed with exception
Traceback (most recent call last):
  File "/home/airflow/.local/lib/python3.12/site-packages/airflow/models/taskinstance.py", line 465, in _execute_task
    result = _execute_callable(context=context, **execute_callable_kwargs)
             ^^^^^^^^^^^^^^^^^^^^^^^^^^^^^^^^^^^^^^^^^^^^^^^^^^^^^^^^^^^^^
  File "/home/airflow/.local/lib/python3.12/site-packages/airflow/models/taskinstance.py", line 432, in _execute_callable
    return execute_callable(context=context, **execute_callable_kwargs)
           ^^^^^^^^^^^^^^^^^^^^^^^^^^^^^^^^^^^^^^^^^^^^^^^^^^^^^^^^^^^^
  File "/home/airflow/.local/lib/python3.12/site-packages/airflow/models/baseoperator.py", line 401, in wrapper
    return func(self, *args, **kwargs)
           ^^^^^^^^^^^^^^^^^^^^^^^^^^^
  File "/home/airflow/.local/lib/python3.12/site-packages/airflow/operators/python.py", line 235, in execute
    return_value = self.execute_callable()
                   ^^^^^^^^^^^^^^^^^^^^^^^
  File "/home/airflow/.local/lib/python3.12/site-packages/airflow/operators/python.py", line 252, in execute_callable
    return self.python_callable(*self.op_args, **self.op_kwargs)
           ^^^^^^^^^^^^^^^^^^^^^^^^^^^^^^^^^^^^^^^^^^^^^^^^^^^^^
  File "/app/data_engineering/api_connectors/bigquery.py", line 70, in insert_data
    job = self.bigquery_client.load_table_from_dataframe(
          ^^^^^^^^^^^^^^^^^^^^^^^^^^^^^^^^^^^^^^^^^^^^^^^
  File "/home/airflow/.local/lib/python3.12/site-packages/google/cloud/bigquery/client.py", line 2777, in load_table_from_dataframe
    new_job_config.schema = _pandas_helpers.dataframe_to_bq_schema(
                            ^^^^^^^^^^^^^^^^^^^^^^^^^^^^^^^^^^^^^^^
  File "/home/airflow/.local/lib/python3.12/site-packages/google/cloud/bigquery/_pandas_helpers.py", line 482, in dataframe_to_bq_schema
    raise ValueError(
ValueError: bq_schema contains fields not present in dataframe: {'unit_amount', 'category', 'gender', 'title', 'id', 'created_at'}
[2024-08-07T14:38:29.083+0000] {taskinstance.py:1206} INFO - Marking task as UP_FOR_RETRY. dag_id=mongodb_to_bigquery, task_id=load_products, run_id=manual__2024-08-07T14:38:14.199786+00:00, execution_date=20240807T143814, start_date=20240807T143827, end_date=20240807T143829
[2024-08-07T14:38:29.124+0000] {standard_task_runner.py:110} ERROR - Failed to execute job 65 for task load_products (bq_schema contains fields not present in dataframe: {'unit_amount', 'category', 'gender', 'title', 'id', 'created_at'}; 117)
[2024-08-07T14:38:29.150+0000] {local_task_job_runner.py:243} INFO - Task exited with return code 1
[2024-08-07T14:38:29.205+0000] {taskinstance.py:3503} INFO - 0 downstream tasks scheduled from follow-on schedule check
[2024-08-07T14:38:29.207+0000] {local_task_job_runner.py:222} INFO - ::endgroup::
