[2024-08-07T14:38:17.464+0000] {local_task_job_runner.py:120} INFO - ::group::Pre task execution logs
[2024-08-07T14:38:17.486+0000] {taskinstance.py:2076} INFO - Dependencies all met for dep_context=non-requeueable deps ti=<TaskInstance: mongodb_to_bigquery.extract_orders manual__2024-08-07T14:38:14.199786+00:00 [queued]>
[2024-08-07T14:38:17.493+0000] {taskinstance.py:2076} INFO - Dependencies all met for dep_context=requeueable deps ti=<TaskInstance: mongodb_to_bigquery.extract_orders manual__2024-08-07T14:38:14.199786+00:00 [queued]>
[2024-08-07T14:38:17.493+0000] {taskinstance.py:2306} INFO - Starting attempt 1 of 2
[2024-08-07T14:38:17.502+0000] {taskinstance.py:2330} INFO - Executing <Task(PythonOperator): extract_orders> on 2024-08-07 14:38:14.199786+00:00
[2024-08-07T14:38:17.516+0000] {warnings.py:112} WARNING - /home/***/.local/lib/python3.12/site-packages/***/task/task_runner/standard_task_runner.py:62: DeprecationWarning: This process (pid=61) is multi-threaded, use of fork() may lead to deadlocks in the child.
  pid = os.fork()

[2024-08-07T14:38:17.522+0000] {standard_task_runner.py:64} INFO - Started process 80 to run task
[2024-08-07T14:38:17.522+0000] {standard_task_runner.py:90} INFO - Running: ['***', 'tasks', 'run', 'mongodb_to_bigquery', 'extract_orders', 'manual__2024-08-07T14:38:14.199786+00:00', '--job-id', '64', '--raw', '--subdir', 'DAGS_FOLDER/mongodb_to_bigquery.py', '--cfg-path', '/tmp/tmpy4rylfe1']
[2024-08-07T14:38:17.526+0000] {standard_task_runner.py:91} INFO - Job 64: Subtask extract_orders
[2024-08-07T14:38:17.615+0000] {task_command.py:426} INFO - Running <TaskInstance: mongodb_to_bigquery.extract_orders manual__2024-08-07T14:38:14.199786+00:00 [running]> on host 721db11e5d12
[2024-08-07T14:38:17.955+0000] {taskinstance.py:2648} INFO - Exporting env vars: AIRFLOW_CTX_DAG_OWNER='***' AIRFLOW_CTX_DAG_ID='mongodb_to_bigquery' AIRFLOW_CTX_TASK_ID='extract_orders' AIRFLOW_CTX_EXECUTION_DATE='2024-08-07T14:38:14.199786+00:00' AIRFLOW_CTX_TRY_NUMBER='1' AIRFLOW_CTX_DAG_RUN_ID='manual__2024-08-07T14:38:14.199786+00:00'
[2024-08-07T14:38:17.961+0000] {taskinstance.py:430} INFO - ::endgroup::
[2024-08-07T14:38:18.089+0000] {warnings.py:112} WARNING - /app/data_engineering/api_connectors/mongodb.py:24: UserWarning: MongoClient opened before fork. May not be entirely fork-safe, proceed with caution. See PyMongo's documentation for details: https://pymongo.readthedocs.io/en/stable/faq.html#is-pymongo-fork-safe
  data = list(self.db[collection_name].find(filters))

[2024-08-07T14:38:21.580+0000] {python.py:237} INFO - Done. Returned value was:         id order_date     status country  customer_id  amount  total_items
0        1 2023-10-19  completed      US         1043  249.98            2
1        2 2023-06-17  completed      ES          437  159.99            1
2        3 2023-09-17  completed      FR           80  259.98            2
3        4 2023-10-30  completed      ES         1053  349.97            3
4        5 2023-04-21   refunded      UK            3   99.99            1
...    ...        ...        ...     ...          ...     ...          ...
1995  1996 2023-06-04  completed      FR          585  199.98            2
1996  1997 2023-09-08  completed      FR          468  249.98            2
1997  1998 2023-01-28  completed      ES          169  199.98            2
1998  1999 2023-02-24  completed      UK         1057   89.99            1
1999  2000 2023-04-12   refunded      FR          311  335.97            3

[2000 rows x 7 columns]
[2024-08-07T14:38:21.999+0000] {taskinstance.py:441} INFO - ::group::Post task execution logs
[2024-08-07T14:38:22.651+0000] {taskinstance.py:1206} INFO - Marking task as SUCCESS. dag_id=mongodb_to_bigquery, task_id=extract_orders, run_id=manual__2024-08-07T14:38:14.199786+00:00, execution_date=20240807T143814, start_date=20240807T143817, end_date=20240807T143822
[2024-08-07T14:38:22.760+0000] {local_task_job_runner.py:243} INFO - Task exited with return code 0
[2024-08-07T14:38:22.785+0000] {local_task_job_runner.py:222} INFO - ::endgroup::
