[2024-08-07T13:03:30.506+0000] {local_task_job_runner.py:120} INFO - ::group::Pre task execution logs
[2024-08-07T13:03:30.520+0000] {taskinstance.py:2076} INFO - Dependencies all met for dep_context=non-requeueable deps ti=<TaskInstance: mongodb_to_bigquery.extract_orders scheduled__2024-08-06T00:00:00+00:00 [queued]>
[2024-08-07T13:03:30.527+0000] {taskinstance.py:2076} INFO - Dependencies all met for dep_context=requeueable deps ti=<TaskInstance: mongodb_to_bigquery.extract_orders scheduled__2024-08-06T00:00:00+00:00 [queued]>
[2024-08-07T13:03:30.527+0000] {taskinstance.py:2306} INFO - Starting attempt 2 of 2
[2024-08-07T13:03:30.535+0000] {taskinstance.py:2330} INFO - Executing <Task(PythonOperator): extract_orders> on 2024-08-06 00:00:00+00:00
[2024-08-07T13:03:30.555+0000] {warnings.py:112} WARNING - /home/***/.local/lib/python3.12/site-packages/***/task/task_runner/standard_task_runner.py:62: DeprecationWarning: This process (pid=223) is multi-threaded, use of fork() may lead to deadlocks in the child.
  pid = os.fork()

[2024-08-07T13:03:30.556+0000] {standard_task_runner.py:90} INFO - Running: ['***', 'tasks', 'run', 'mongodb_to_bigquery', 'extract_orders', 'scheduled__2024-08-06T00:00:00+00:00', '--job-id', '54', '--raw', '--subdir', 'DAGS_FOLDER/mongodb_to_bigquery.py', '--cfg-path', '/tmp/tmpt08vzk2r']
[2024-08-07T13:03:30.558+0000] {standard_task_runner.py:64} INFO - Started process 240 to run task
[2024-08-07T13:03:30.559+0000] {standard_task_runner.py:91} INFO - Job 54: Subtask extract_orders
[2024-08-07T13:03:30.605+0000] {task_command.py:426} INFO - Running <TaskInstance: mongodb_to_bigquery.extract_orders scheduled__2024-08-06T00:00:00+00:00 [running]> on host a4ff97c14a38
[2024-08-07T13:03:30.665+0000] {taskinstance.py:2648} INFO - Exporting env vars: AIRFLOW_CTX_DAG_OWNER='***' AIRFLOW_CTX_DAG_ID='mongodb_to_bigquery' AIRFLOW_CTX_TASK_ID='extract_orders' AIRFLOW_CTX_EXECUTION_DATE='2024-08-06T00:00:00+00:00' AIRFLOW_CTX_TRY_NUMBER='2' AIRFLOW_CTX_DAG_RUN_ID='scheduled__2024-08-06T00:00:00+00:00'
[2024-08-07T13:03:30.667+0000] {taskinstance.py:430} INFO - ::endgroup::
[2024-08-07T13:03:30.685+0000] {warnings.py:112} WARNING - /app/data_engineering/api_connectors/mongodb.py:24: UserWarning: MongoClient opened before fork. May not be entirely fork-safe, proceed with caution. See PyMongo's documentation for details: https://pymongo.readthedocs.io/en/stable/faq.html#is-pymongo-fork-safe
  data = list(self.db[collection_name].find(filters))

[2024-08-07T13:03:31.770+0000] {taskinstance.py:441} INFO - ::group::Post task execution logs
[2024-08-07T13:03:31.773+0000] {taskinstance.py:2905} ERROR - Task failed with exception
Traceback (most recent call last):
  File "/home/airflow/.local/lib/python3.12/site-packages/airflow/models/taskinstance.py", line 465, in _execute_task
    result = _execute_callable(context=context, **execute_callable_kwargs)
             ^^^^^^^^^^^^^^^^^^^^^^^^^^^^^^^^^^^^^^^^^^^^^^^^^^^^^^^^^^^^^
  File "/home/airflow/.local/lib/python3.12/site-packages/airflow/models/taskinstance.py", line 432, in _execute_callable
    return execute_callable(context=context, **execute_callable_kwargs)
           ^^^^^^^^^^^^^^^^^^^^^^^^^^^^^^^^^^^^^^^^^^^^^^^^^^^^^^^^^^^^
  File "/home/airflow/.local/lib/python3.12/site-packages/airflow/models/baseoperator.py", line 401, in wrapper
    return func(self, *args, **kwargs)
           ^^^^^^^^^^^^^^^^^^^^^^^^^^^
  File "/home/airflow/.local/lib/python3.12/site-packages/airflow/operators/python.py", line 235, in execute
    return_value = self.execute_callable()
                   ^^^^^^^^^^^^^^^^^^^^^^^
  File "/home/airflow/.local/lib/python3.12/site-packages/airflow/operators/python.py", line 252, in execute_callable
    return self.python_callable(*self.op_args, **self.op_kwargs)
           ^^^^^^^^^^^^^^^^^^^^^^^^^^^^^^^^^^^^^^^^^^^^^^^^^^^^^
  File "/app/data_engineering/api_connectors/mongodb.py", line 27, in fetch_data
    module = import_module.import_module(collection_name)
             ^^^^^^^^^^^^^^^^^^^^^^^^^^^
AttributeError: 'function' object has no attribute 'import_module'
[2024-08-07T13:03:31.793+0000] {taskinstance.py:1206} INFO - Marking task as FAILED. dag_id=mongodb_to_bigquery, task_id=extract_orders, run_id=scheduled__2024-08-06T00:00:00+00:00, execution_date=20240806T000000, start_date=20240807T130330, end_date=20240807T130331
[2024-08-07T13:03:31.804+0000] {standard_task_runner.py:110} ERROR - Failed to execute job 54 for task extract_orders ('function' object has no attribute 'import_module'; 240)
[2024-08-07T13:03:31.840+0000] {local_task_job_runner.py:243} INFO - Task exited with return code 1
[2024-08-07T13:03:31.891+0000] {local_task_job_runner.py:222} INFO - ::endgroup::
